<?xml version="1.0" encoding="UTF-8"?>
<testsuite xmlns:xsi="http://www.w3.org/2001/XMLSchema-instance" xsi:noNamespaceSchemaLocation="https://maven.apache.org/surefire/maven-surefire-plugin/xsd/surefire-test-report.xsd" name="util.impl.timer.AppTest" time="0.119" tests="1" errors="0" skipped="0" failures="0">
  <properties>
    <property name="sun.desktop" value="windows"/>
    <property name="awt.toolkit" value="sun.awt.windows.WToolkit"/>
    <property name="file.encoding.pkg" value="sun.io"/>
    <property name="java.specification.version" value="1.8"/>
    <property name="sun.cpu.isalist" value="amd64"/>
    <property name="sun.jnu.encoding" value="Cp1252"/>
    <property name="java.class.path" value="D:\2 AI - SIAD\S2\Génie Logiciel\TP\montreIntelligente\parentdemo\util.impl.timer\target\test-classes;D:\2 AI - SIAD\S2\Génie Logiciel\TP\montreIntelligente\parentdemo\util.impl.timer\target\classes;C:\Users\BOUMEDIRI\.m2\repository\junit\junit\4.11\junit-4.11.jar;C:\Users\BOUMEDIRI\.m2\repository\org\hamcrest\hamcrest-core\1.3\hamcrest-core-1.3.jar;D:\2 AI - SIAD\S2\Génie Logiciel\TP\montreIntelligente\parentdemo\core.lookup\target\core.lookup-0.0.1.jar;D:\2 AI - SIAD\S2\Génie Logiciel\TP\montreIntelligente\parentdemo\util.service.timer\target\util.service.timer-0.0.1.jar;D:\2 AI - SIAD\S2\Génie Logiciel\TP\montreIntelligente\parentdemo\util.service.gui\target\util.service.gui-0.0.1.jar;"/>
    <property name="java.vm.vendor" value="Oracle Corporation"/>
    <property name="sun.arch.data.model" value="64"/>
    <property name="user.variant" value=""/>
    <property name="java.vendor.url" value="http://java.oracle.com/"/>
    <property name="user.timezone" value="GMT-1100"/>
    <property name="user.country.format" value="DZ"/>
    <property name="java.vm.specification.version" value="1.8"/>
    <property name="os.name" value="Windows 10"/>
    <property name="user.country" value="FR"/>
    <property name="sun.java.launcher" value="SUN_STANDARD"/>
    <property name="sun.boot.library.path" value="C:\Program Files\Java\jdk1.8.0_181\jre\bin"/>
    <property name="sun.java.command" value="C:\Users\BOUMED~1\AppData\Local\Temp\surefire876897775116498196\surefirebooter8025797468681807689.jar C:\Users\BOUMEDIRI\AppData\Local\Temp\surefire876897775116498196 2021-04-17T10-26-02_847-jvmRun1 surefire1321125057280210847tmp surefire_34457194867776788334tmp"/>
    <property name="surefire.test.class.path" value="D:\2 AI - SIAD\S2\Génie Logiciel\TP\montreIntelligente\parentdemo\util.impl.timer\target\test-classes;D:\2 AI - SIAD\S2\Génie Logiciel\TP\montreIntelligente\parentdemo\util.impl.timer\target\classes;C:\Users\BOUMEDIRI\.m2\repository\junit\junit\4.11\junit-4.11.jar;C:\Users\BOUMEDIRI\.m2\repository\org\hamcrest\hamcrest-core\1.3\hamcrest-core-1.3.jar;D:\2 AI - SIAD\S2\Génie Logiciel\TP\montreIntelligente\parentdemo\core.lookup\target\core.lookup-0.0.1.jar;D:\2 AI - SIAD\S2\Génie Logiciel\TP\montreIntelligente\parentdemo\util.service.timer\target\util.service.timer-0.0.1.jar;D:\2 AI - SIAD\S2\Génie Logiciel\TP\montreIntelligente\parentdemo\util.service.gui\target\util.service.gui-0.0.1.jar;"/>
    <property name="sun.cpu.endian" value="little"/>
    <property name="user.home" value="C:\Users\BOUMEDIRI"/>
    <property name="user.language" value="fr"/>
    <property name="java.specification.vendor" value="Oracle Corporation"/>
    <property name="java.home" value="C:\Program Files\Java\jdk1.8.0_181\jre"/>
    <property name="basedir" value="D:\2 AI - SIAD\S2\Génie Logiciel\TP\montreIntelligente\parentdemo\util.impl.timer"/>
    <property name="file.separator" value="\"/>
    <property name="line.separator" value="&#10;"/>
    <property name="java.vm.specification.vendor" value="Oracle Corporation"/>
    <property name="java.specification.name" value="Java Platform API Specification"/>
    <property name="java.awt.graphicsenv" value="sun.awt.Win32GraphicsEnvironment"/>
    <property name="surefire.real.class.path" value="C:\Users\BOUMED~1\AppData\Local\Temp\surefire876897775116498196\surefirebooter8025797468681807689.jar"/>
    <property name="sun.boot.class.path" value="C:\Program Files\Java\jdk1.8.0_181\jre\lib\resources.jar;C:\Program Files\Java\jdk1.8.0_181\jre\lib\rt.jar;C:\Program Files\Java\jdk1.8.0_181\jre\lib\sunrsasign.jar;C:\Program Files\Java\jdk1.8.0_181\jre\lib\jsse.jar;C:\Program Files\Java\jdk1.8.0_181\jre\lib\jce.jar;C:\Program Files\Java\jdk1.8.0_181\jre\lib\charsets.jar;C:\Program Files\Java\jdk1.8.0_181\jre\lib\jfr.jar;C:\Program Files\Java\jdk1.8.0_181\jre\classes"/>
    <property name="user.script" value=""/>
    <property name="sun.management.compiler" value="HotSpot 64-Bit Tiered Compilers"/>
    <property name="java.runtime.version" value="1.8.0_181-b13"/>
    <property name="user.name" value="BOUMEDIRI"/>
    <property name="path.separator" value=";"/>
    <property name="os.version" value="10.0"/>
    <property name="java.endorsed.dirs" value="C:\Program Files\Java\jdk1.8.0_181\jre\lib\endorsed"/>
    <property name="java.runtime.name" value="Java(TM) SE Runtime Environment"/>
    <property name="file.encoding" value="Cp1252"/>
    <property name="java.vm.name" value="Java HotSpot(TM) 64-Bit Server VM"/>
    <property name="localRepository" value="C:\Users\BOUMEDIRI\.m2\repository"/>
    <property name="java.vendor.url.bug" value="http://bugreport.sun.com/bugreport/"/>
    <property name="java.io.tmpdir" value="C:\Users\BOUMED~1\AppData\Local\Temp\"/>
    <property name="java.version" value="1.8.0_181"/>
    <property name="user.dir" value="D:\2 AI - SIAD\S2\Génie Logiciel\TP\montreIntelligente\parentdemo\util.impl.timer"/>
    <property name="os.arch" value="amd64"/>
    <property name="java.vm.specification.name" value="Java Virtual Machine Specification"/>
    <property name="java.awt.printerjob" value="sun.awt.windows.WPrinterJob"/>
    <property name="sun.os.patch.level" value=""/>
    <property name="java.library.path" value="C:\Program Files\Java\jdk1.8.0_181\jre\bin;C:\WINDOWS\Sun\Java\bin;C:\WINDOWS\system32;C:\WINDOWS;C:\ProgramData\Anaconda3;C:\ProgramData\Anaconda3\Library\mingw-w64\bin;C:\ProgramData\Anaconda3\Library\usr\bin;C:\ProgramData\Anaconda3\Library\bin;C:\ProgramData\Anaconda3\Scripts;C:\oraclexe\app\oracle\product\11.2.0\server\bin;C:\WINDOWS\system32;C:\WINDOWS;C:\WINDOWS\System32\Wbem;C:\WINDOWS\System32\WindowsPowerShell\v1.0\;C:\WINDOWS\System32\OpenSSH\;C:\Program Files\Microsoft SQL Server\130\Tools\Binn\;D:\apache-maven-3.6.3\bin;C:\Program Files\Java\jdk1.8.0_181\bin;C:\Program Files\nodejs\;C:\PHP;C:\PHP\ext;C:\Users\BOUMEDIRI\AppData\Local\Programs\Python\Python38\Scripts\;C:\Users\BOUMEDIRI\AppData\Local\Programs\Python\Python38\;C:\Users\BOUMEDIRI\AppData\Local\Microsoft\WindowsApps;C:\Program Files\JetBrains\PyCharm Community Edition 2018.3.5\bin;;C:\Users\BOUMEDIRI\AppData\Local\Programs\Microsoft VS Code\bin;C:\Users\BOUMEDIRI\AppData\Roaming\npm;."/>
    <property name="java.vm.info" value="mixed mode"/>
    <property name="java.vendor" value="Oracle Corporation"/>
    <property name="java.vm.version" value="25.181-b13"/>
    <property name="java.ext.dirs" value="C:\Program Files\Java\jdk1.8.0_181\jre\lib\ext;C:\WINDOWS\Sun\Java\lib\ext"/>
    <property name="sun.io.unicode.encoding" value="UnicodeLittle"/>
    <property name="java.class.version" value="52.0"/>
  </properties>
  <testcase name="shouldAnswerWithTrue" classname="util.impl.timer.AppTest" time="0"/>
</testsuite>